Connecting to database specified by database.yml
Connecting to database specified by database.yml
PG::Error: ERROR:  invalid value for parameter "TimeZone": "UTC"
: SET time zone 'UTC'
Connecting to database specified by database.yml
Connecting to database specified by database.yml
Connecting to database specified by database.yml
Connecting to database specified by database.yml
  [1m[36m (17.0ms)[0m  [1mCREATE TABLE "schema_migrations" ("version" character varying(255) NOT NULL) [0m
  [1m[35m (4.2ms)[0m  CREATE UNIQUE INDEX "unique_schema_migrations" ON "schema_migrations" ("version")
  [1m[36m (0.9ms)[0m  [1mSELECT "schema_migrations"."version" FROM "schema_migrations" [0m
Migrating to CreateNames (20130204055541)
  [1m[35m (0.2ms)[0m  BEGIN
  [1m[36m (11.0ms)[0m  [1mCREATE TABLE "names" ("id" serial primary key, "domain" character varying(255), "registered" bytea, "redirect_domain" character varying(255), "parked" bytea, "created_at" timestamp NOT NULL, "updated_at" timestamp NOT NULL) [0m
  [1m[35m (0.6ms)[0m  INSERT INTO "schema_migrations" ("version") VALUES ('20130204055541')
  [1m[36m (0.5ms)[0m  [1mCOMMIT[0m
Migrating to CreateDelayedJobs (20130204061352)
  [1m[35m (0.1ms)[0m  BEGIN
  [1m[36m (3.4ms)[0m  [1mCREATE TABLE "delayed_jobs" ("id" serial primary key, "priority" integer DEFAULT 0, "attempts" integer DEFAULT 0, "handler" text, "last_error" text, "run_at" timestamp, "locked_at" timestamp, "failed_at" timestamp, "locked_by" character varying(255), "queue" character varying(255), "created_at" timestamp NOT NULL, "updated_at" timestamp NOT NULL) [0m
  [1m[35m (1.0ms)[0m  CREATE INDEX "delayed_jobs_priority" ON "delayed_jobs" ("priority", "run_at")
  [1m[36m (0.2ms)[0m  [1mINSERT INTO "schema_migrations" ("version") VALUES ('20130204061352')[0m
  [1m[35m (0.4ms)[0m  COMMIT
  [1m[36m (0.2ms)[0m  [1mSELECT "schema_migrations"."version" FROM "schema_migrations" [0m
Connecting to database specified by database.yml
Connecting to database specified by database.yml


Started GET "/assets/rails.png" for 127.0.0.1 at 2013-02-03 22:17:27 -0800
Served asset /rails.png - 200 OK (7ms)


Started GET "/" for 127.0.0.1 at 2013-02-03 22:17:43 -0800

ActionController::RoutingError (No route matches [GET] "/"):
  actionpack (3.2.11) lib/action_dispatch/middleware/debug_exceptions.rb:21:in `call'
  actionpack (3.2.11) lib/action_dispatch/middleware/show_exceptions.rb:56:in `call'
  railties (3.2.11) lib/rails/rack/logger.rb:32:in `call_app'
  railties (3.2.11) lib/rails/rack/logger.rb:16:in `block in call'
  activesupport (3.2.11) lib/active_support/tagged_logging.rb:22:in `tagged'
  railties (3.2.11) lib/rails/rack/logger.rb:16:in `call'
  actionpack (3.2.11) lib/action_dispatch/middleware/request_id.rb:22:in `call'
  rack (1.4.4) lib/rack/methodoverride.rb:21:in `call'
  rack (1.4.4) lib/rack/runtime.rb:17:in `call'
  activesupport (3.2.11) lib/active_support/cache/strategy/local_cache.rb:72:in `call'
  rack (1.4.4) lib/rack/lock.rb:15:in `call'
  actionpack (3.2.11) lib/action_dispatch/middleware/static.rb:62:in `call'
  railties (3.2.11) lib/rails/engine.rb:479:in `call'
  railties (3.2.11) lib/rails/application.rb:223:in `call'
  rack (1.4.4) lib/rack/content_length.rb:14:in `call'
  railties (3.2.11) lib/rails/rack/log_tailer.rb:17:in `call'
  rack (1.4.4) lib/rack/handler/webrick.rb:59:in `service'
  /usr/local/rvm/rubies/ruby-1.9.3-p194/lib/ruby/1.9.1/webrick/httpserver.rb:138:in `service'
  /usr/local/rvm/rubies/ruby-1.9.3-p194/lib/ruby/1.9.1/webrick/httpserver.rb:94:in `run'
  /usr/local/rvm/rubies/ruby-1.9.3-p194/lib/ruby/1.9.1/webrick/server.rb:191:in `block in start_thread'


  Rendered /usr/local/rvm/gems/ruby-1.9.3-p194/gems/actionpack-3.2.11/lib/action_dispatch/middleware/templates/rescues/routing_error.erb within rescues/layout (4.3ms)
Connecting to database specified by database.yml
  [1m[36m (0.3ms)[0m  [1mSELECT "schema_migrations"."version" FROM "schema_migrations" [0m
Migrating to CreateNames (20130204055541)
Migrating to CreateDelayedJobs (20130204061352)
  [1m[35m (0.2ms)[0m  SELECT "schema_migrations"."version" FROM "schema_migrations" 
Connecting to database specified by database.yml
  [1m[36m (0.3ms)[0m  [1mSELECT "schema_migrations"."version" FROM "schema_migrations" [0m
Migrating to CreateNames (20130204055541)
Migrating to CreateDelayedJobs (20130204061352)
  [1m[35m (0.2ms)[0m  SELECT "schema_migrations"."version" FROM "schema_migrations" 
  [1m[36mSQL (0.6ms)[0m  [1mUPDATE "delayed_jobs" SET locked_by = null, locked_at = null WHERE (locked_by = 'host:Kapils-MacBook-Pro.local pid:363')[0m
Connecting to database specified by database.yml
Connecting to database specified by database.yml
Connecting to database specified by database.yml
  [1m[36m (3.1ms)[0m  [1mCREATE TABLE "schema_migrations" ("version" character varying(255) NOT NULL) [0m
  [1m[35m (1.3ms)[0m  CREATE UNIQUE INDEX "unique_schema_migrations" ON "schema_migrations" ("version")
  [1m[36m (0.3ms)[0m  [1mSELECT "schema_migrations"."version" FROM "schema_migrations" [0m
Migrating to CreateNames (20130204055541)
  [1m[35m (0.2ms)[0m  BEGIN
  [1m[36m (0.1ms)[0m  [1mROLLBACK[0m
Connecting to database specified by database.yml
  [1m[36m (0.3ms)[0m  [1mSELECT "schema_migrations"."version" FROM "schema_migrations" [0m
Migrating to CreateNames (20130204055541)
  [1m[35m (0.1ms)[0m  BEGIN
  [1m[36m (5.0ms)[0m  [1mCREATE TABLE "names" ("id" serial primary key, "domain" character varying(255), "registered" bytea, "redirect_domain" character varying(255), "parked" bytea, "created_at" timestamp NOT NULL, "updated_at" timestamp NOT NULL) [0m
  [1m[35m (0.4ms)[0m  ROLLBACK
Connecting to database specified by database.yml
  [1m[36m (0.3ms)[0m  [1mSELECT "schema_migrations"."version" FROM "schema_migrations" [0m
Migrating to CreateNames (20130204055541)
  [1m[35m (0.2ms)[0m  BEGIN
  [1m[36m (3.8ms)[0m  [1mCREATE TABLE "names" ("id" serial primary key, "domain" character varying(255), "registered" bytea, "redirect_domain" character varying(255), "parked" bytea, "created_at" timestamp NOT NULL, "updated_at" timestamp NOT NULL) [0m
  [1m[35m (0.4ms)[0m  ROLLBACK
Connecting to database specified by database.yml
  [1m[36m (0.3ms)[0m  [1mSELECT "schema_migrations"."version" FROM "schema_migrations" [0m
Migrating to CreateNames (20130204055541)
  [1m[35m (0.1ms)[0m  BEGIN
  [1m[36m (5.5ms)[0m  [1mCREATE TABLE "names" ("id" serial primary key, "domain" character varying(255), "registered" bytea, "redirect_domain" character varying(255), "parked" bytea, "created_at" timestamp NOT NULL, "updated_at" timestamp NOT NULL) [0m
  [1m[35m (0.6ms)[0m  INSERT INTO "schema_migrations" ("version") VALUES ('20130204055541')
  [1m[36m (0.6ms)[0m  [1mCOMMIT[0m
Migrating to CreateDelayedJobs (20130204061352)
  [1m[35m (0.2ms)[0m  BEGIN
  [1m[36m (3.0ms)[0m  [1mCREATE TABLE "delayed_jobs" ("id" serial primary key, "priority" integer DEFAULT 0, "attempts" integer DEFAULT 0, "handler" text, "last_error" text, "run_at" timestamp, "locked_at" timestamp, "failed_at" timestamp, "locked_by" character varying(255), "queue" character varying(255), "created_at" timestamp NOT NULL, "updated_at" timestamp NOT NULL) [0m
  [1m[35m (1.0ms)[0m  CREATE INDEX "delayed_jobs_priority" ON "delayed_jobs" ("priority", "run_at")
  [1m[36m (0.3ms)[0m  [1mINSERT INTO "schema_migrations" ("version") VALUES ('20130204061352')[0m
  [1m[35m (0.4ms)[0m  COMMIT
  [1m[36m (0.2ms)[0m  [1mSELECT "schema_migrations"."version" FROM "schema_migrations" [0m
Connecting to database specified by database.yml
Connecting to database specified by database.yml
Connecting to database specified by database.yml
  [1m[36m (3.2ms)[0m  [1mCREATE TABLE "schema_migrations" ("version" character varying(255) NOT NULL) [0m
  [1m[35m (1.3ms)[0m  CREATE UNIQUE INDEX "unique_schema_migrations" ON "schema_migrations" ("version")
  [1m[36m (0.2ms)[0m  [1mSELECT "schema_migrations"."version" FROM "schema_migrations" [0m
Migrating to CreateNames (20130204055541)
  [1m[35m (0.1ms)[0m  BEGIN
  [1m[36m (3.1ms)[0m  [1mCREATE TABLE "names" ("id" serial primary key, "domain" character varying(255), "registered" boolean, "redirect_domain" character varying(255), "parked" boolean, "created_at" timestamp NOT NULL, "updated_at" timestamp NOT NULL) [0m
  [1m[35m (0.3ms)[0m  INSERT INTO "schema_migrations" ("version") VALUES ('20130204055541')
  [1m[36m (0.4ms)[0m  [1mCOMMIT[0m
Migrating to CreateDelayedJobs (20130204061352)
  [1m[35m (0.2ms)[0m  BEGIN
  [1m[36m (3.5ms)[0m  [1mCREATE TABLE "delayed_jobs" ("id" serial primary key, "priority" integer DEFAULT 0, "attempts" integer DEFAULT 0, "handler" text, "last_error" text, "run_at" timestamp, "locked_at" timestamp, "failed_at" timestamp, "locked_by" character varying(255), "queue" character varying(255), "created_at" timestamp NOT NULL, "updated_at" timestamp NOT NULL) [0m
  [1m[35m (1.0ms)[0m  CREATE INDEX "delayed_jobs_priority" ON "delayed_jobs" ("priority", "run_at")
  [1m[36m (0.2ms)[0m  [1mINSERT INTO "schema_migrations" ("version") VALUES ('20130204061352')[0m
  [1m[35m (0.6ms)[0m  COMMIT
  [1m[36m (0.2ms)[0m  [1mSELECT "schema_migrations"."version" FROM "schema_migrations" [0m
Connecting to database specified by database.yml
Connecting to database specified by database.yml
  [1m[36mSQL (2.7ms)[0m  [1mUPDATE "delayed_jobs" SET locked_at = '2013-02-04 06:43:30.731326', locked_by = 'host:Kapils-MacBook-Pro.local pid:668' WHERE (id = 1 and (locked_at is null or locked_at < '2013-02-04 02:43:30.731326') and (run_at <= '2013-02-04 06:43:30.731326'))[0m
  [1m[35mName Load (0.7ms)[0m  SELECT "names".* FROM "names" WHERE "names"."domain" = 'giftrocket' LIMIT 1
Connecting to database specified by database.yml
  [1m[36m (0.1ms)[0m  [1mBEGIN[0m
  [1m[35mSQL (1.8ms)[0m  INSERT INTO "names" ("created_at", "domain", "parked", "redirect_domain", "registered", "updated_at") VALUES ($1, $2, $3, $4, $5, $6) RETURNING "id"  [["created_at", Mon, 04 Feb 2013 06:43:31 UTC +00:00], ["domain", "giftrocket"], ["parked", true], ["redirect_domain", "http://www.giftrocket.com/"], ["registered", true], ["updated_at", Mon, 04 Feb 2013 06:43:31 UTC +00:00]]
  [1m[36m (0.9ms)[0m  [1mCOMMIT[0m
  [1m[35m (0.1ms)[0m  BEGIN
  [1m[36mSQL (0.5ms)[0m  [1mDELETE FROM "delayed_jobs" WHERE "delayed_jobs"."id" = $1[0m  [["id", 1]]
  [1m[35m (0.3ms)[0m  COMMIT
